-------------------------------------------------------------------------------
Test set: com.car.service.CarServiceApplicationTests
-------------------------------------------------------------------------------
Tests run: 1, Failures: 0, Errors: 1, Skipped: 0, Time elapsed: 0.707 s <<< FAILURE! - in com.car.service.CarServiceApplicationTests
com.car.service.CarServiceApplicationTests  Time elapsed: 0.706 s  <<< ERROR!
java.lang.IllegalStateException: Unable to find a @SpringBootConfiguration, you need to use @ContextConfiguration or @SpringBootTest(classes=...) with your test

